2016-12-01 11:49:57,693 - [INFO] - from play in pool-6-thread-6 
Listening for HTTP on /0:0:0:0:0:0:0:0:9001

2016-12-01 13:47:46,417 - [INFO] - from application in play-internal-execution-context-1 
Creating Pool for datasource 'xoportal'

2016-12-01 13:47:51,816 - [DEBUG] - from application in play-internal-execution-context-1 
`dataSourceClassName` not present. Will use `jdbcUrl` instead.

2016-12-01 13:47:51,817 - [DEBUG] - from application in play-internal-execution-context-1 
`databaseUrl` not present. Will use `dataSourceClassName` instead.

2016-12-01 13:47:52,277 - [INFO] - from application in play-internal-execution-context-1 
Registering driver com.mysql.jdbc.Driver

2016-12-01 13:47:52,278 - [INFO] - from application in play-internal-execution-context-1 
Driver was successfully registered

2016-12-01 13:48:11,415 - [INFO] - from application in play-internal-execution-context-1 
Starting HikariCP connection pool...

2016-12-01 13:48:32,736 - [DEBUG] - from com.xo.web.persistence.XOHikariCPConnectionProvider in play-internal-execution-context-1 
com.zaxxer.hikari.HikariConfig@6580e2a4

2016-12-01 13:48:33,052 - [DEBUG] - from com.xo.web.persistence.XOHikariCPConnectionProvider in play-internal-execution-context-1 
Closing connection in pool...

2016-12-01 13:48:33,052 - [DEBUG] - from com.xo.web.persistence.XOHikariCPConnectionProvider in play-internal-execution-context-1 
Connection closed successfully in pool.

2016-12-01 13:48:39,507 - [DEBUG] - from com.xo.web.persistence.XOHikariCPConnectionProvider in play-internal-execution-context-1 
Closing connection in pool...

2016-12-01 13:48:39,507 - [DEBUG] - from com.xo.web.persistence.XOHikariCPConnectionProvider in play-internal-execution-context-1 
Connection closed successfully in pool.

2016-12-01 13:48:43,067 - [INFO] - from application in play-internal-execution-context-1 
Shutting down the asynch thread workers...

2016-12-01 13:48:43,067 - [INFO] - from application in play-internal-execution-context-1 
Asynch worker threads are closed successfully.

2016-12-01 13:48:43,067 - [INFO] - from application in play-internal-execution-context-1 
Initializing the asynchronous thread workers...

2016-12-01 13:48:43,067 - [INFO] - from application in play-internal-execution-context-1 
Asynchronous thread workers initialized successfully.

2016-12-01 13:48:45,864 - [INFO] - from application in pool-15-thread-2 
Transaction started for : run

2016-12-01 13:48:45,875 - [INFO] - from application in pool-15-thread-2 
akka.tcp://xoportalsystem@127.0.0.1:2553/user/clientsync

2016-12-01 13:48:45,876 - [INFO] - from application in pool-15-thread-1 
Transaction started for : run

2016-12-01 13:48:47,533 - [DEBUG] - from com.xo.web.persistence.XOHikariCPConnectionProvider in pool-15-thread-1 
Closing connection in pool...

2016-12-01 13:48:47,533 - [DEBUG] - from com.xo.web.persistence.XOHikariCPConnectionProvider in pool-15-thread-1 
Connection closed successfully in pool.

2016-12-01 13:48:48,069 - [INFO] - from application in pool-15-thread-1 
XoSessionKiller worker loaded successfully.

2016-12-01 13:48:49,689 - [INFO] - from application in pool-15-thread-1 
XoTableauReportSynchronizer worker loaded successfully.

2016-12-01 13:48:49,690 - [INFO] - from application in application-akka.actor.default-dispatcher-4 
Transaction started for : run

2016-12-01 13:48:49,748 - [INFO] - from application in application-akka.actor.default-dispatcher-3 
Transaction started for : run

2016-12-01 13:48:49,844 - [DEBUG] - from com.xo.web.persistence.XOHikariCPConnectionProvider in pool-15-thread-1 
Closing connection in pool...

2016-12-01 13:48:49,844 - [DEBUG] - from com.xo.web.persistence.XOHikariCPConnectionProvider in pool-15-thread-1 
Connection closed successfully in pool.

2016-12-01 13:48:49,844 - [INFO] - from application in pool-15-thread-1 
Transaction ended for : run

2016-12-01 13:48:49,844 - [DEBUG] - from application in pool-15-thread-1 
Closing entity manager...

2016-12-01 13:48:49,845 - [DEBUG] - from com.xo.web.persistence.XOHikariCPConnectionProvider in pool-15-thread-1 
Closing connection in pool...

2016-12-01 13:48:49,845 - [DEBUG] - from com.xo.web.persistence.XOHikariCPConnectionProvider in pool-15-thread-1 
Connection closed successfully in pool.

2016-12-01 13:48:49,910 - [DEBUG] - from application in pool-15-thread-1 
Entity manager closed successfully.

2016-12-01 13:48:49,994 - [DEBUG] - from application in application-akka.actor.default-dispatcher-4 
XoSessionKiller is checking & deleting the expired tokens...

2016-12-01 13:48:49,994 - [INFO] - from application in application-akka.actor.default-dispatcher-3 
XoTableauReportSynchronizer is synching the tableau reports...

2016-12-01 13:48:51,762 - [DEBUG] - from com.xo.web.persistence.XOHikariCPConnectionProvider in application-akka.actor.default-dispatcher-4 
Closing connection in pool...

2016-12-01 13:48:51,763 - [DEBUG] - from com.xo.web.persistence.XOHikariCPConnectionProvider in application-akka.actor.default-dispatcher-4 
Connection closed successfully in pool.

2016-12-01 13:48:51,763 - [INFO] - from application in application-akka.actor.default-dispatcher-4 
Transaction ended for : run

2016-12-01 13:48:51,763 - [DEBUG] - from application in application-akka.actor.default-dispatcher-4 
Closing entity manager...

2016-12-01 13:48:51,763 - [DEBUG] - from application in application-akka.actor.default-dispatcher-4 
Entity manager closed successfully.

2016-12-01 13:50:48,316 - [ERROR] - from akka.remote.Remoting in xoportalsystem-akka.actor.default-dispatcher-2 
Remoting error: [Startup timed out. This is usually related to actor system host setting or host name resolution misconfiguration.] [
akka.remote.RemoteTransportException: Startup timed out. This is usually related to actor system host setting or host name resolution misconfiguration.
	at akka.remote.Remoting.akka$remote$Remoting$$notifyError(Remoting.scala:136)
	at akka.remote.Remoting.start(Remoting.scala:198)
	at akka.remote.RemoteActorRefProvider.init(RemoteActorRefProvider.scala:184)
	at akka.actor.ActorSystemImpl.liftedTree2$1(ActorSystem.scala:668)
	at akka.actor.ActorSystemImpl._start$lzycompute(ActorSystem.scala:665)
	at akka.actor.ActorSystemImpl._start(ActorSystem.scala:665)
	at akka.actor.ActorSystemImpl.start(ActorSystem.scala:681)
	at akka.actor.ActorSystem$.apply(ActorSystem.scala:143)
	at akka.actor.ActorSystem$.apply(ActorSystem.scala:120)
	at akka.actor.ActorSystem$.create(ActorSystem.scala:68)
	at akka.actor.ActorSystem.create(ActorSystem.scala)
	at com.xo.web.akka.xoactors.AppActors.<clinit>(AppActors.java:10)
	at com.xo.web.Global.registerActorSytemWorkers(Global.java:69)
	at com.xo.web.Global.access$000(Global.java:22)
	at com.xo.web.Global$2.process(Global.java:52)
	at com.xo.web.util.XoAsynchTask.run_aroundBody0(XoAsynchTask.java:17)
	at com.xo.web.util.XoAsynchTask$AjcClosure1.run(XoAsynchTask.java:1)
	at org.aspectj.runtime.reflect.JoinPointImpl.proceed(JoinPointImpl.java:149)
	at com.xo.web.persistence.aspects.DBAspects.handleTransaction(DBAspects.java:76)
	at com.xo.web.util.XoAsynchTask.run(XoAsynchTask.java:17)
	at java.util.concurrent.ThreadPoolExecutor.runWorker(ThreadPoolExecutor.java:1142)
	at java.util.concurrent.ThreadPoolExecutor$Worker.run(ThreadPoolExecutor.java:617)
	at java.lang.Thread.run(Thread.java:745)
Caused by: java.util.concurrent.TimeoutException: Futures timed out after [10000 milliseconds]
	at scala.concurrent.impl.Promise$DefaultPromise.ready(Promise.scala:219)
	at scala.concurrent.impl.Promise$DefaultPromise.result(Promise.scala:223)
	at scala.concurrent.Await$$anonfun$result$1.apply(package.scala:190)
	at scala.concurrent.BlockContext$DefaultBlockContext$.blockOn(BlockContext.scala:53)
	at scala.concurrent.Await$.result(package.scala:190)
	at akka.remote.Remoting.start(Remoting.scala:180)
	... 21 more
]

2016-12-01 13:50:51,656 - [ERROR] - from application in pool-15-thread-2 
Error occurred while processing the asynch task :Xoportal Actor system loader
java.lang.ExceptionInInitializerError: null
	at com.xo.web.Global.registerActorSytemWorkers(Global.java:69) ~[classes/:na]
	at com.xo.web.Global.access$000(Global.java:22) ~[classes/:na]
	at com.xo.web.Global$2.process(Global.java:52) ~[classes/:na]
	at com.xo.web.util.XoAsynchTask.run_aroundBody0(XoAsynchTask.java:17) [classes/:na]
	at com.xo.web.util.XoAsynchTask$AjcClosure1.run(XoAsynchTask.java:1) [classes/:na]
	at org.aspectj.runtime.reflect.JoinPointImpl.proceed(JoinPointImpl.java:149) [aspectjweaver-1.8.4.jar:1.8.4]
	at com.xo.web.persistence.aspects.DBAspects.handleTransaction(DBAspects.java:76) [classes/:na]
	at com.xo.web.util.XoAsynchTask.run(XoAsynchTask.java:17) [classes/:na]
	at java.util.concurrent.ThreadPoolExecutor.runWorker(ThreadPoolExecutor.java:1142) [na:1.8.0_91]
	at java.util.concurrent.ThreadPoolExecutor$Worker.run(ThreadPoolExecutor.java:617) [na:1.8.0_91]
	at java.lang.Thread.run(Thread.java:745) [na:1.8.0_91]
Caused by: java.util.concurrent.TimeoutException: Futures timed out after [10000 milliseconds]
	at scala.concurrent.impl.Promise$DefaultPromise.ready(Promise.scala:219) ~[scala-library-2.11.7.jar:na]
	at scala.concurrent.impl.Promise$DefaultPromise.result(Promise.scala:223) ~[scala-library-2.11.7.jar:na]
	at scala.concurrent.Await$$anonfun$result$1.apply(package.scala:190) ~[scala-library-2.11.7.jar:na]
	at scala.concurrent.BlockContext$DefaultBlockContext$.blockOn(BlockContext.scala:53) ~[scala-library-2.11.7.jar:na]
	at scala.concurrent.Await$.result(package.scala:190) ~[scala-library-2.11.7.jar:na]
	at akka.remote.Remoting.start(Remoting.scala:180) ~[akka-remote_2.11-2.4.1.jar:na]
	at akka.remote.RemoteActorRefProvider.init(RemoteActorRefProvider.scala:184) ~[akka-remote_2.11-2.4.1.jar:na]
	at akka.actor.ActorSystemImpl.liftedTree2$1(ActorSystem.scala:668) ~[akka-actor_2.11-2.4.1.jar:na]
	at akka.actor.ActorSystemImpl._start$lzycompute(ActorSystem.scala:665) ~[akka-actor_2.11-2.4.1.jar:na]
	at akka.actor.ActorSystemImpl._start(ActorSystem.scala:665) ~[akka-actor_2.11-2.4.1.jar:na]
	at akka.actor.ActorSystemImpl.start(ActorSystem.scala:681) ~[akka-actor_2.11-2.4.1.jar:na]
	at akka.actor.ActorSystem$.apply(ActorSystem.scala:143) ~[akka-actor_2.11-2.4.1.jar:na]
	at akka.actor.ActorSystem$.apply(ActorSystem.scala:120) ~[akka-actor_2.11-2.4.1.jar:na]
	at akka.actor.ActorSystem$.create(ActorSystem.scala:68) ~[akka-actor_2.11-2.4.1.jar:na]
	at akka.actor.ActorSystem.create(ActorSystem.scala) ~[akka-actor_2.11-2.4.1.jar:na]
	at com.xo.web.akka.xoactors.AppActors.<clinit>(AppActors.java:10) ~[classes/:na]
	... 11 common frames omitted

2016-12-01 13:50:51,657 - [DEBUG] - from com.xo.web.persistence.XOHikariCPConnectionProvider in pool-15-thread-2 
Closing connection in pool...

2016-12-01 13:50:51,658 - [DEBUG] - from com.xo.web.persistence.XOHikariCPConnectionProvider in pool-15-thread-2 
Connection closed successfully in pool.

2016-12-01 13:50:51,658 - [INFO] - from application in pool-15-thread-2 
Transaction ended for : run

2016-12-01 13:50:51,658 - [DEBUG] - from application in pool-15-thread-2 
Closing entity manager...

2016-12-01 13:50:51,658 - [DEBUG] - from application in pool-15-thread-2 
Entity manager closed successfully.

2016-12-01 13:51:00,894 - [ERROR] - from akka.remote.Remoting in xoportalsystem-akka.actor.default-dispatcher-2 
Remoting system has been terminated abrubtly. Attempting to shut down transports

2016-12-01 13:51:02,982 - [INFO] - from application in play-akka.actor.default-dispatcher-4 
Requested Page :xossoCallBackHandler

2016-12-01 13:51:03,015 - [INFO] - from application in play-akka.actor.default-dispatcher-4 
Transaction started for : xossoCallBackHandler

2016-12-01 13:51:04,861 - [INFO] - from application in pool-15-thread-2 
Transaction started for : run

2016-12-01 13:51:04,862 - [ERROR] - from application in pool-15-thread-2 
Error occurred while processing the asynch task :User Sync
java.lang.NoClassDefFoundError: Could not initialize class com.xo.web.akka.xoactors.AppActors
	at com.xo.web.persistence.intercept.XoEntityInterceptor$1.process(XoEntityInterceptor.java:88) ~[classes/:na]
	at com.xo.web.util.XoAsynchTask.run_aroundBody0(XoAsynchTask.java:17) [classes/:na]
	at com.xo.web.util.XoAsynchTask$AjcClosure1.run(XoAsynchTask.java:1) [classes/:na]
	at org.aspectj.runtime.reflect.JoinPointImpl.proceed(JoinPointImpl.java:149) [aspectjweaver-1.8.4.jar:1.8.4]
	at com.xo.web.persistence.aspects.DBAspects.handleTransaction(DBAspects.java:76) [classes/:na]
	at com.xo.web.util.XoAsynchTask.run(XoAsynchTask.java:17) [classes/:na]
	at java.util.concurrent.ThreadPoolExecutor.runWorker(ThreadPoolExecutor.java:1142) [na:1.8.0_91]
	at java.util.concurrent.ThreadPoolExecutor$Worker.run(ThreadPoolExecutor.java:617) [na:1.8.0_91]
	at java.lang.Thread.run(Thread.java:745) [na:1.8.0_91]

2016-12-01 13:51:04,863 - [DEBUG] - from com.xo.web.persistence.XOHikariCPConnectionProvider in pool-15-thread-2 
Closing connection in pool...

2016-12-01 13:51:04,863 - [DEBUG] - from com.xo.web.persistence.XOHikariCPConnectionProvider in pool-15-thread-2 
Connection closed successfully in pool.

2016-12-01 13:51:04,863 - [INFO] - from application in pool-15-thread-2 
Transaction ended for : run

2016-12-01 13:51:04,863 - [DEBUG] - from application in pool-15-thread-2 
Closing entity manager...

2016-12-01 13:51:04,863 - [DEBUG] - from application in pool-15-thread-2 
Entity manager closed successfully.

2016-12-01 13:51:05,010 - [DEBUG] - from com.xo.web.persistence.XOHikariCPConnectionProvider in play-akka.actor.default-dispatcher-4 
Closing connection in pool...

2016-12-01 13:51:05,011 - [DEBUG] - from com.xo.web.persistence.XOHikariCPConnectionProvider in play-akka.actor.default-dispatcher-4 
Connection closed successfully in pool.

2016-12-01 13:51:05,012 - [INFO] - from application in play-akka.actor.default-dispatcher-4 
Transaction ended for : xossoCallBackHandler

2016-12-01 13:51:05,012 - [DEBUG] - from application in play-akka.actor.default-dispatcher-4 
Closing entity manager...

2016-12-01 13:51:05,012 - [DEBUG] - from application in play-akka.actor.default-dispatcher-4 
Entity manager closed successfully.

2016-12-01 13:51:05,012 - [INFO] - from application in play-akka.actor.default-dispatcher-4 
Responded Page : xossoCallBackHandler

2016-12-01 13:51:06,530 - [INFO] - from application in play-akka.actor.default-dispatcher-6 
Requested Page :pageDispatcher

2016-12-01 13:51:06,532 - [INFO] - from application in play-akka.actor.default-dispatcher-6 
Transaction started for : pageDispatcher

2016-12-01 13:51:10,091 - [DEBUG] - from com.xo.web.persistence.XOHikariCPConnectionProvider in play-akka.actor.default-dispatcher-6 
Closing connection in pool...

2016-12-01 13:51:10,092 - [DEBUG] - from com.xo.web.persistence.XOHikariCPConnectionProvider in play-akka.actor.default-dispatcher-6 
Connection closed successfully in pool.

2016-12-01 13:51:10,092 - [INFO] - from application in play-akka.actor.default-dispatcher-6 
Transaction ended for : pageDispatcher

2016-12-01 13:51:10,092 - [DEBUG] - from application in play-akka.actor.default-dispatcher-6 
Closing entity manager...

2016-12-01 13:51:10,259 - [DEBUG] - from application in play-akka.actor.default-dispatcher-6 
Entity manager closed successfully.

2016-12-01 13:51:10,259 - [INFO] - from application in play-akka.actor.default-dispatcher-6 
Responded Page : pageDispatcher

2016-12-01 13:51:50,746 - [INFO] - from application in application-akka.actor.default-dispatcher-3 
Successfully synched tableau reports.

2016-12-01 13:51:50,871 - [DEBUG] - from com.xo.web.persistence.XOHikariCPConnectionProvider in application-akka.actor.default-dispatcher-3 
Closing connection in pool...

2016-12-01 13:51:50,871 - [DEBUG] - from com.xo.web.persistence.XOHikariCPConnectionProvider in application-akka.actor.default-dispatcher-3 
Connection closed successfully in pool.

2016-12-01 13:51:50,871 - [INFO] - from application in application-akka.actor.default-dispatcher-3 
Transaction ended for : run

2016-12-01 13:51:50,871 - [DEBUG] - from application in application-akka.actor.default-dispatcher-3 
Closing entity manager...

2016-12-01 13:51:50,872 - [DEBUG] - from application in application-akka.actor.default-dispatcher-3 
Entity manager closed successfully.

2016-12-01 14:48:49,869 - [INFO] - from application in application-akka.actor.default-dispatcher-5 
Transaction started for : run

2016-12-01 14:48:51,262 - [DEBUG] - from application in application-akka.actor.default-dispatcher-5 
XoSessionKiller is checking & deleting the expired tokens...

2016-12-01 14:48:52,519 - [DEBUG] - from com.xo.web.persistence.XOHikariCPConnectionProvider in application-akka.actor.default-dispatcher-5 
Closing connection in pool...

2016-12-01 14:48:52,519 - [DEBUG] - from com.xo.web.persistence.XOHikariCPConnectionProvider in application-akka.actor.default-dispatcher-5 
Connection closed successfully in pool.

2016-12-01 14:48:52,519 - [INFO] - from application in application-akka.actor.default-dispatcher-5 
Transaction ended for : run

2016-12-01 14:48:52,519 - [DEBUG] - from application in application-akka.actor.default-dispatcher-5 
Closing entity manager...

2016-12-01 14:48:52,520 - [DEBUG] - from application in application-akka.actor.default-dispatcher-5 
Entity manager closed successfully.

2016-12-01 15:48:49,766 - [INFO] - from application in application-akka.actor.default-dispatcher-5 
Transaction started for : run

2016-12-01 15:48:50,550 - [DEBUG] - from application in application-akka.actor.default-dispatcher-5 
XoSessionKiller is checking & deleting the expired tokens...

2016-12-01 15:48:51,127 - [DEBUG] - from com.xo.web.persistence.XOHikariCPConnectionProvider in application-akka.actor.default-dispatcher-5 
Closing connection in pool...

2016-12-01 15:48:51,158 - [DEBUG] - from com.xo.web.persistence.XOHikariCPConnectionProvider in application-akka.actor.default-dispatcher-5 
Connection closed successfully in pool.

2016-12-01 15:48:51,159 - [INFO] - from application in application-akka.actor.default-dispatcher-5 
Transaction ended for : run

2016-12-01 15:48:51,159 - [DEBUG] - from application in application-akka.actor.default-dispatcher-5 
Closing entity manager...

2016-12-01 15:48:51,159 - [DEBUG] - from application in application-akka.actor.default-dispatcher-5 
Entity manager closed successfully.

2016-12-01 16:48:49,695 - [INFO] - from application in application-akka.actor.default-dispatcher-5 
Transaction started for : run

2016-12-01 16:48:50,427 - [DEBUG] - from application in application-akka.actor.default-dispatcher-5 
XoSessionKiller is checking & deleting the expired tokens...

2016-12-01 16:48:50,659 - [DEBUG] - from com.xo.web.persistence.XOHikariCPConnectionProvider in application-akka.actor.default-dispatcher-5 
Closing connection in pool...

2016-12-01 16:48:50,659 - [DEBUG] - from com.xo.web.persistence.XOHikariCPConnectionProvider in application-akka.actor.default-dispatcher-5 
Connection closed successfully in pool.

2016-12-01 16:48:50,659 - [INFO] - from application in application-akka.actor.default-dispatcher-5 
Transaction ended for : run

2016-12-01 16:48:50,659 - [DEBUG] - from application in application-akka.actor.default-dispatcher-5 
Closing entity manager...

2016-12-01 16:48:50,665 - [DEBUG] - from application in application-akka.actor.default-dispatcher-5 
Entity manager closed successfully.

